<?xml version="1.0" encoding="UTF-8"?>
<!-- Generated by org.testng.reporters.JUnitReportReporter -->
<testsuite hostname="LIN-5CD5329NV0" failures="0" tests="1" name="Oct15.Tours" time="6.906" errors="0" timestamp="2025-10-15T16:43:17 IST" skipped="0">
  <testcase classname="Oct15.Tours" name="loginTc" time="6.906"/>
</testsuite> <!-- Oct15.Tours -->
