<?xml version="1.0" encoding="UTF-8"?>
<!-- Generated by org.testng.reporters.JUnitReportReporter -->
<testsuite hostname="LIN-5CD5329NV0" failures="0" tests="1" name="Oct17.AnontationDemo" time="0.012" errors="0" timestamp="2025-10-17T09:53:07 IST" skipped="0">
  <testcase classname="Oct17.AnontationDemo" name="Tc1" time="0.012"/>
</testsuite> <!-- Oct17.AnontationDemo -->
