<?xml version="1.0" encoding="UTF-8"?>
<!-- Generated by org.testng.reporters.JUnitReportReporter -->
<testsuite hostname="LIN-5CD5329NV0" failures="0" tests="1" name="Oct15.ValidationDemo" time="0.025" errors="0" timestamp="2025-10-15T16:27:06 IST" skipped="0">
  <testcase classname="Oct15.ValidationDemo" name="Tc4" time="0.025"/>
</testsuite> <!-- Oct15.ValidationDemo -->
