<?xml version="1.0" encoding="UTF-8"?>
<!-- Generated by org.testng.reporters.JUnitReportReporter -->
<testsuite hostname="LIN-5CD5329NV0" failures="0" tests="3" name="Oct17.GroupsDemo" time="0.011" errors="0" timestamp="2025-10-17T10:30:39 IST" skipped="0">
  <testcase classname="Oct17.GroupsDemo" name="C" time="0.009"/>
  <testcase classname="Oct17.GroupsDemo" name="D" time="0.001"/>
  <testcase classname="Oct17.GroupsDemo" name="F" time="0.001"/>
</testsuite> <!-- Oct17.GroupsDemo -->
