<?xml version="1.0" encoding="UTF-8"?>
<!-- Generated by org.testng.reporters.JUnitReportReporter -->
<testsuite hostname="LIN-5CD5329NV0" failures="0" tests="1" name="Oct15.Sample" time="0.013" errors="0" timestamp="2025-10-15T15:40:04 IST" skipped="0">
  <testcase classname="Oct15.Sample" name="display" time="0.013"/>
</testsuite> <!-- Oct15.Sample -->
